<?xml version="1.0" encoding="UTF-8"?>
<!-- Generated by org.testng.reporters.JUnitXMLReporter -->
<testsuite ignored="0" hostname="LAPTOP-TRG7KUO2" failures="0" tests="3" name="Default test" time="0.811" errors="0" timestamp="24 Nov 2021 14:10:07 GMT">
  <testcase classname="com.webdriver.io.customrunner.CustomAbstractTestNGCucumberTests" name="runScenario" time="0.269">
    <skipped/>
  </testcase> <!-- runScenario -->
  <testcase classname="com.webdriver.io.customrunner.CustomAbstractTestNGCucumberTests" name="runScenario" time="0.006">
    <skipped/>
  </testcase> <!-- runScenario -->
  <testcase classname="com.webdriver.io.customrunner.CustomAbstractTestNGCucumberTests" name="runScenario" time="0.004">
    <skipped/>
  </testcase> <!-- runScenario -->
</testsuite> <!-- Default test -->
